<?xml version="1.0" encoding="UTF-8"?>
<testng-results skipped="0" failed="0" ignored="0" total="1" passed="1">
  <reporter-output>
  </reporter-output>
  <suite name="Default suite" duration-ms="16614" started-at="2018-05-18T06:57:45Z" finished-at="2018-05-18T06:58:02Z">
    <groups>
    </groups>
    <test name="Default test" duration-ms="16614" started-at="2018-05-18T06:57:45Z" finished-at="2018-05-18T06:58:02Z">
      <class name="Module16.AjaxAutoSuggest">
        <test-method status="PASS" signature="autoSuggest()[pri:0, instance:Module16.AjaxAutoSuggest@458c1321]" name="autoSuggest" duration-ms="16536" started-at="2018-05-18T06:57:45Z" finished-at="2018-05-18T06:58:02Z">
          <reporter-output>
          </reporter-output>
        </test-method> <!-- autoSuggest -->
      </class> <!-- Module16.AjaxAutoSuggest -->
    </test> <!-- Default test -->
  </suite> <!-- Default suite -->
</testng-results>
